Arguments: 
  /opt/local/bin/node /opt/local/bin/yarn install

PATH: 
  /opt/local/bin:/opt/local/sbin:/usr/local/bin:/usr/bin:/bin:/usr/sbin:/sbin:/opt/local/bin:/opt/local/sbin

Yarn version: 
  1.22.19

Node version: 
  16.18.1

Platform: 
  darwin x64

Trace: 
  Error: https://registry.yarnpkg.com/@hardhat%2ftypechain: Not found
      at Request.params.callback [as _callback] (/opt/local/lib/node_modules/yarn/lib/cli.js:66145:18)
      at Request.self.callback (/opt/local/lib/node_modules/yarn/lib/cli.js:140890:22)
      at Request.emit (node:events:513:28)
      at Request.<anonymous> (/opt/local/lib/node_modules/yarn/lib/cli.js:141862:10)
      at Request.emit (node:events:513:28)
      at IncomingMessage.<anonymous> (/opt/local/lib/node_modules/yarn/lib/cli.js:141784:12)
      at Object.onceWrapper (node:events:627:28)
      at IncomingMessage.emit (node:events:525:35)
      at endReadableNT (node:internal/streams/readable:1358:12)
      at processTicksAndRejections (node:internal/process/task_queues:83:21)

npm manifest: 
  {
    "name": "sac_contract",
    "version": "1.0.0",
    "main": "index.js",
    "license": "MIT",
    "scripts": {
      "test": "yarn hardhat test",
      "test-staging": "yarn hardhat test --network goerli",
      "lint": "yarn solhint 'contracts/*.sol'",
      "lint:fix": "yarn solhint 'contracts/**/*.sol' --fix",
      "format": "yarn prettier --write .",
      "coverage": "yarn hardhat coverage"
    },
    "devDependencies": {
      "@nomiclabs/hardhat-ethers": "npm:hardhat-deploy-ethers",
      "@nomiclabs/hardhat-etherscan": "^3.1.1",
      "@nomiclabs/hardhat-waffle": "^2.0.3",
      "@typechain/ethers-v5": "^10.1.0",
      "@typechain/hardhat": "^6.1.3",
      "@hardhat/typechain": "^6.1.3",
      "@types/chai": "^4.3.3",
      "@types/mocha": "^10.0.0",
      "@types/node": "^18.11.2",
      "chai": "^4.3.6",
      "dotenv": "^16.0.3",
      "ethereum-waffle": "^3.4.4",
      "ethers": "^5.7.1",
      "hardhat": "^2.12.0",
      "hardhat-contract-sizer": "^2.6.1",
      "hardhat-deploy": "^0.11.18",
      "hardhat-gas-reporter": "^1.0.9",
      "prettier": "^2.7.1",
      "prettier-plugin-solidity": "^1.0.0-beta.24",
      "solhint": "^3.3.7",
      "solidity-coverage": "^0.7.22",
      "ts-node": "^10.9.1",
      "typechain": "^8.1.0",
      "typescript": "^4.8.4"
    },
    "mocha": {
      "timeout": 10000000
    },
    "dependencies": {
      "@chainlink/contracts": "^0.5.1"
    }
  }

yarn manifest: 
  No manifest

Lockfile: 
  No lockfile
